{"/home/ideans/data/projects/nodeJS/websocket_game/common/config.ts": {"path":"/home/ideans/data/projects/nodeJS/websocket_game/common/config.ts","statementMap":{"0":{"start":{"line":8,"column":27},"end":{"line":12,"column":null}},"1":{"start":{"line":15,"column":13},"end":{"line":15,"column":null}},"2":{"start":{"line":16,"column":13},"end":{"line":16,"column":null}},"3":{"start":{"line":17,"column":13},"end":{"line":17,"column":null}},"4":{"start":{"line":21,"column":4},"end":{"line":21,"column":null}},"5":{"start":{"line":25,"column":38},"end":{"line":25,"column":80}},"6":{"start":{"line":26,"column":4},"end":{"line":26,"column":null}},"7":{"start":{"line":30,"column":34},"end":{"line":30,"column":76}},"8":{"start":{"line":31,"column":4},"end":{"line":31,"column":null}},"9":{"start":{"line":35,"column":4},"end":{"line":39,"column":null}},"10":{"start":{"line":36,"column":8},"end":{"line":36,"column":null}},"11":{"start":{"line":38,"column":8},"end":{"line":38,"column":null}}},"fnMap":{"0":{"name":"_serverUrl","decl":{"start":{"line":20,"column":9},"end":{"line":20,"column":19}},"loc":{"start":{"line":20,"column":19},"end":{"line":22,"column":1}}},"1":{"name":"_gamePort","decl":{"start":{"line":24,"column":9},"end":{"line":24,"column":18}},"loc":{"start":{"line":24,"column":18},"end":{"line":27,"column":1}}},"2":{"name":"_httpPort","decl":{"start":{"line":29,"column":9},"end":{"line":29,"column":18}},"loc":{"start":{"line":29,"column":18},"end":{"line":32,"column":1}}},"3":{"name":"normalizePort","decl":{"start":{"line":34,"column":9},"end":{"line":34,"column":22}},"loc":{"start":{"line":34,"column":45},"end":{"line":40,"column":1}}}},"branchMap":{"0":{"loc":{"start":{"line":21,"column":11},"end":{"line":21,"column":31}},"type":"binary-expr","locations":[{"start":{"line":21,"column":11},"end":{"line":21,"column":31}},{"start":{"line":21,"column":35},"end":{"line":21,"column":51}}]},"1":{"loc":{"start":{"line":25,"column":38},"end":{"line":25,"column":59}},"type":"binary-expr","locations":[{"start":{"line":25,"column":38},"end":{"line":25,"column":59}},{"start":{"line":25,"column":63},"end":{"line":25,"column":80}}]},"2":{"loc":{"start":{"line":30,"column":34},"end":{"line":30,"column":55}},"type":"binary-expr","locations":[{"start":{"line":30,"column":34},"end":{"line":30,"column":55}},{"start":{"line":30,"column":59},"end":{"line":30,"column":76}}]},"3":{"loc":{"start":{"line":35,"column":4},"end":{"line":39,"column":null}},"type":"if","locations":[{"start":{"line":35,"column":4},"end":{"line":39,"column":null}},{"start":{"line":35,"column":4},"end":{"line":39,"column":null}}]}},"s":{"0":1,"1":1,"2":1,"3":1,"4":1,"5":1,"6":1,"7":1,"8":1,"9":2,"10":2,"11":0},"f":{"0":1,"1":1,"2":1,"3":2},"b":{"0":[1,0],"1":[1,0],"2":[1,0],"3":[2,0]}}
,"/home/ideans/data/projects/nodeJS/websocket_game/common/directions.ts": {"path":"/home/ideans/data/projects/nodeJS/websocket_game/common/directions.ts","statementMap":{"0":{"start":{"line":1,"column":0},"end":{"line":1,"column":null}},"1":{"start":{"line":2,"column":4},"end":{"line":2,"column":null}},"2":{"start":{"line":3,"column":4},"end":{"line":3,"column":null}},"3":{"start":{"line":4,"column":4},"end":{"line":4,"column":null}},"4":{"start":{"line":5,"column":4},"end":{"line":5,"column":null}},"5":{"start":{"line":6,"column":4},"end":{"line":6,"column":null}},"6":{"start":{"line":7,"column":4},"end":{"line":7,"column":null}}},"fnMap":{"0":{"name":"(anonymous_0)","decl":{"start":{"line":1,"column":0},"end":{"line":1,"column":12}},"loc":{"start":{"line":1,"column":22},"end":{"line":8,"column":1}}}},"branchMap":{"0":{"loc":{"start":{"line":1,"column":12},"end":{"line":1,"column":22}},"type":"binary-expr","locations":[{"start":{"line":1,"column":12},"end":{"line":1,"column":22}},{"start":{"line":1,"column":12},"end":{"line":1,"column":null}}]}},"s":{"0":1,"1":1,"2":1,"3":1,"4":1,"5":1,"6":1},"f":{"0":1},"b":{"0":[1,1]}}
,"/home/ideans/data/projects/nodeJS/websocket_game/common/utils.ts": {"path":"/home/ideans/data/projects/nodeJS/websocket_game/common/utils.ts","statementMap":{"0":{"start":{"line":1,"column":0},"end":{"line":1,"column":48}},"1":{"start":{"line":5,"column":4},"end":{"line":18,"column":null}},"2":{"start":{"line":7,"column":12},"end":{"line":7,"column":null}},"3":{"start":{"line":10,"column":12},"end":{"line":10,"column":null}},"4":{"start":{"line":13,"column":12},"end":{"line":13,"column":null}},"5":{"start":{"line":16,"column":12},"end":{"line":16,"column":null}},"6":{"start":{"line":4,"column":0},"end":{"line":4,"column":16}},"7":{"start":{"line":23,"column":30},"end":{"line":27,"column":6}},"8":{"start":{"line":29,"column":4},"end":{"line":31,"column":null}},"9":{"start":{"line":30,"column":8},"end":{"line":30,"column":40}},"10":{"start":{"line":33,"column":4},"end":{"line":35,"column":null}},"11":{"start":{"line":34,"column":8},"end":{"line":34,"column":34}},"12":{"start":{"line":37,"column":4},"end":{"line":37,"column":37}},"13":{"start":{"line":22,"column":0},"end":{"line":22,"column":16}}},"fnMap":{"0":{"name":"directionOppositeOf","decl":{"start":{"line":4,"column":16},"end":{"line":4,"column":35}},"loc":{"start":{"line":4,"column":58},"end":{"line":19,"column":1}}},"1":{"name":"createMessage","decl":{"start":{"line":22,"column":16},"end":{"line":22,"column":29}},"loc":{"start":{"line":22,"column":87},"end":{"line":38,"column":1}}}},"branchMap":{"0":{"loc":{"start":{"line":6,"column":8},"end":{"line":8,"column":null}},"type":"switch","locations":[{"start":{"line":6,"column":8},"end":{"line":8,"column":null}},{"start":{"line":9,"column":8},"end":{"line":11,"column":null}},{"start":{"line":12,"column":8},"end":{"line":14,"column":null}},{"start":{"line":15,"column":8},"end":{"line":17,"column":null}}]},"1":{"loc":{"start":{"line":29,"column":4},"end":{"line":31,"column":null}},"type":"if","locations":[{"start":{"line":29,"column":4},"end":{"line":31,"column":null}},{"start":{"line":29,"column":4},"end":{"line":31,"column":null}}]},"2":{"loc":{"start":{"line":33,"column":4},"end":{"line":35,"column":null}},"type":"if","locations":[{"start":{"line":33,"column":4},"end":{"line":35,"column":null}},{"start":{"line":33,"column":4},"end":{"line":35,"column":null}}]}},"s":{"0":1,"1":0,"2":0,"3":0,"4":0,"5":0,"6":1,"7":0,"8":0,"9":0,"10":0,"11":0,"12":0,"13":1},"f":{"0":0,"1":0},"b":{"0":[0,0,0,0],"1":[0,0],"2":[0,0]}}
,"/home/ideans/data/projects/nodeJS/websocket_game/server/gameServer.ts": {"path":"/home/ideans/data/projects/nodeJS/websocket_game/server/gameServer.ts","statementMap":{"0":{"start":{"line":1,"column":0},"end":{"line":1,"column":null}},"1":{"start":{"line":2,"column":0},"end":{"line":2,"column":30}},"2":{"start":{"line":4,"column":0},"end":{"line":4,"column":27}},"3":{"start":{"line":5,"column":0},"end":{"line":5,"column":35}},"4":{"start":{"line":6,"column":0},"end":{"line":6,"column":43}},"5":{"start":{"line":23,"column":8},"end":{"line":23,"column":35}},"6":{"start":{"line":24,"column":8},"end":{"line":24,"column":null}},"7":{"start":{"line":25,"column":8},"end":{"line":25,"column":30}},"8":{"start":{"line":27,"column":8},"end":{"line":27,"column":null}},"9":{"start":{"line":28,"column":8},"end":{"line":28,"column":null}},"10":{"start":{"line":29,"column":8},"end":{"line":29,"column":null}},"11":{"start":{"line":30,"column":8},"end":{"line":30,"column":null}},"12":{"start":{"line":31,"column":8},"end":{"line":31,"column":null}},"13":{"start":{"line":32,"column":8},"end":{"line":32,"column":null}},"14":{"start":{"line":34,"column":8},"end":{"line":34,"column":null}},"15":{"start":{"line":39,"column":8},"end":{"line":81,"column":null}},"16":{"start":{"line":41,"column":12},"end":{"line":41,"column":null}},"17":{"start":{"line":42,"column":12},"end":{"line":42,"column":41}},"18":{"start":{"line":44,"column":12},"end":{"line":46,"column":null}},"19":{"start":{"line":45,"column":16},"end":{"line":45,"column":null}},"20":{"start":{"line":48,"column":12},"end":{"line":51,"column":null}},"21":{"start":{"line":49,"column":16},"end":{"line":49,"column":null}},"22":{"start":{"line":50,"column":16},"end":{"line":50,"column":null}},"23":{"start":{"line":54,"column":12},"end":{"line":78,"column":null}},"24":{"start":{"line":55,"column":16},"end":{"line":55,"column":null}},"25":{"start":{"line":57,"column":42},"end":{"line":57,"column":72}},"26":{"start":{"line":58,"column":44},"end":{"line":58,"column":51}},"27":{"start":{"line":60,"column":38},"end":{"line":60,"column":56}},"28":{"start":{"line":61,"column":16},"end":{"line":65,"column":null}},"29":{"start":{"line":67,"column":16},"end":{"line":67,"column":null}},"30":{"start":{"line":69,"column":16},"end":{"line":69,"column":null}},"31":{"start":{"line":70,"column":37},"end":{"line":75,"column":null}},"32":{"start":{"line":77,"column":16},"end":{"line":77,"column":null}},"33":{"start":{"line":80,"column":12},"end":{"line":80,"column":null}},"34":{"start":{"line":85,"column":8},"end":{"line":94,"column":null}},"35":{"start":{"line":87,"column":42},"end":{"line":91,"column":null}},"36":{"start":{"line":92,"column":16},"end":{"line":92,"column":null}},"37":{"start":{"line":98,"column":36},"end":{"line":98,"column":58}},"38":{"start":{"line":99,"column":8},"end":{"line":105,"column":null}},"39":{"start":{"line":100,"column":46},"end":{"line":100,"column":61}},"40":{"start":{"line":102,"column":12},"end":{"line":104,"column":null}},"41":{"start":{"line":103,"column":16},"end":{"line":103,"column":null}},"42":{"start":{"line":109,"column":8},"end":{"line":109,"column":null}},"43":{"start":{"line":109,"column":62},"end":{"line":109,"column":79}},"44":{"start":{"line":113,"column":8},"end":{"line":113,"column":null}},"45":{"start":{"line":117,"column":8},"end":{"line":117,"column":null}},"46":{"start":{"line":118,"column":8},"end":{"line":118,"column":null}},"47":{"start":{"line":120,"column":8},"end":{"line":120,"column":null}},"48":{"start":{"line":131,"column":8},"end":{"line":133,"column":null}},"49":{"start":{"line":132,"column":12},"end":{"line":132,"column":null}},"50":{"start":{"line":137,"column":8},"end":{"line":137,"column":null}},"51":{"start":{"line":15,"column":0},"end":{"line":15,"column":21}}},"fnMap":{"0":{"name":"(anonymous_7)","decl":{"start":{"line":22,"column":4},"end":{"line":22,"column":null}},"loc":{"start":{"line":22,"column":4},"end":{"line":35,"column":5}}},"1":{"name":"(anonymous_8)","decl":{"start":{"line":38,"column":4},"end":{"line":38,"column":27}},"loc":{"start":{"line":38,"column":27},"end":{"line":82,"column":5}}},"2":{"name":"(anonymous_9)","decl":{"start":{"line":39,"column":40},"end":{"line":39,"column":42}},"loc":{"start":{"line":39,"column":53},"end":{"line":79,"column":9}}},"3":{"name":"(anonymous_10)","decl":{"start":{"line":44,"column":31},"end":{"line":44,"column":34}},"loc":{"start":{"line":44,"column":36},"end":{"line":46,"column":13}}},"4":{"name":"(anonymous_11)","decl":{"start":{"line":48,"column":32},"end":{"line":48,"column":35}},"loc":{"start":{"line":48,"column":37},"end":{"line":51,"column":13}}},"5":{"name":"(anonymous_12)","decl":{"start":{"line":54,"column":31},"end":{"line":54,"column":33}},"loc":{"start":{"line":54,"column":50},"end":{"line":78,"column":13}}},"6":{"name":"(anonymous_13)","decl":{"start":{"line":79,"column":25},"end":{"line":79,"column":30}},"loc":{"start":{"line":79,"column":33},"end":{"line":81,"column":9}}},"7":{"name":"(anonymous_14)","decl":{"start":{"line":84,"column":4},"end":{"line":84,"column":20}},"loc":{"start":{"line":84,"column":20},"end":{"line":95,"column":5}}},"8":{"name":"(anonymous_15)","decl":{"start":{"line":86,"column":31},"end":{"line":86,"column":32}},"loc":{"start":{"line":86,"column":51},"end":{"line":93,"column":13}}},"9":{"name":"(anonymous_16)","decl":{"start":{"line":97,"column":4},"end":{"line":97,"column":13}},"loc":{"start":{"line":97,"column":29},"end":{"line":106,"column":5}}},"10":{"name":"(anonymous_17)","decl":{"start":{"line":99,"column":34},"end":{"line":99,"column":36}},"loc":{"start":{"line":99,"column":59},"end":{"line":105,"column":9}}},"11":{"name":"(anonymous_18)","decl":{"start":{"line":108,"column":4},"end":{"line":108,"column":17}},"loc":{"start":{"line":108,"column":37},"end":{"line":110,"column":5}}},"12":{"name":"(anonymous_19)","decl":{"start":{"line":109,"column":52},"end":{"line":109,"column":58}},"loc":{"start":{"line":109,"column":62},"end":{"line":109,"column":79}}},"13":{"name":"(anonymous_20)","decl":{"start":{"line":112,"column":4},"end":{"line":112,"column":17}},"loc":{"start":{"line":112,"column":37},"end":{"line":114,"column":5}}},"14":{"name":"(anonymous_21)","decl":{"start":{"line":116,"column":4},"end":{"line":116,"column":9}},"loc":{"start":{"line":116,"column":9},"end":{"line":134,"column":5}}},"15":{"name":"(anonymous_22)","decl":{"start":{"line":131,"column":39},"end":{"line":131,"column":42}},"loc":{"start":{"line":131,"column":44},"end":{"line":133,"column":9}}},"16":{"name":"(anonymous_23)","decl":{"start":{"line":136,"column":4},"end":{"line":136,"column":10}},"loc":{"start":{"line":136,"column":36},"end":{"line":138,"column":5}}}},"branchMap":{"0":{"loc":{"start":{"line":61,"column":16},"end":{"line":65,"column":null}},"type":"if","locations":[{"start":{"line":61,"column":16},"end":{"line":65,"column":null}},{"start":{"line":61,"column":16},"end":{"line":65,"column":null}}]},"1":{"loc":{"start":{"line":102,"column":12},"end":{"line":104,"column":null}},"type":"if","locations":[{"start":{"line":102,"column":12},"end":{"line":104,"column":null}},{"start":{"line":102,"column":12},"end":{"line":104,"column":null}}]}},"s":{"0":1,"1":1,"2":1,"3":1,"4":1,"5":2,"6":2,"7":2,"8":2,"9":2,"10":2,"11":2,"12":2,"13":2,"14":2,"15":2,"16":0,"17":0,"18":0,"19":0,"20":0,"21":0,"22":0,"23":0,"24":0,"25":0,"26":0,"27":0,"28":0,"29":0,"30":0,"31":0,"32":0,"33":0,"34":0,"35":0,"36":0,"37":0,"38":0,"39":0,"40":0,"41":0,"42":0,"43":0,"44":0,"45":0,"46":0,"47":0,"48":0,"49":0,"50":0,"51":1},"f":{"0":2,"1":2,"2":0,"3":0,"4":0,"5":0,"6":0,"7":0,"8":0,"9":0,"10":0,"11":0,"12":0,"13":0,"14":0,"15":0,"16":0},"b":{"0":[0,0],"1":[0,0]}}
,"/home/ideans/data/projects/nodeJS/websocket_game/server/src/components/Channel.ts": {"path":"/home/ideans/data/projects/nodeJS/websocket_game/server/src/components/Channel.ts","statementMap":{"0":{"start":{"line":1,"column":0},"end":{"line":1,"column":37}},"1":{"start":{"line":8,"column":8},"end":{"line":8,"column":null}},"2":{"start":{"line":9,"column":8},"end":{"line":9,"column":null}},"3":{"start":{"line":13,"column":8},"end":{"line":13,"column":null}},"4":{"start":{"line":17,"column":8},"end":{"line":17,"column":null}},"5":{"start":{"line":4,"column":0},"end":{"line":4,"column":21}}},"fnMap":{"0":{"name":"(anonymous_0)","decl":{"start":{"line":7,"column":4},"end":{"line":7,"column":17}},"loc":{"start":{"line":7,"column":21},"end":{"line":10,"column":5}}},"1":{"name":"(anonymous_1)","decl":{"start":{"line":12,"column":4},"end":{"line":12,"column":13}},"loc":{"start":{"line":12,"column":17},"end":{"line":14,"column":5}}},"2":{"name":"(anonymous_2)","decl":{"start":{"line":16,"column":4},"end":{"line":16,"column":8}},"loc":{"start":{"line":16,"column":17},"end":{"line":18,"column":5}}}},"branchMap":{},"s":{"0":1,"1":2,"2":2,"3":0,"4":0,"5":1},"f":{"0":2,"1":0,"2":0},"b":{}}
,"/home/ideans/data/projects/nodeJS/websocket_game/server/src/components/Game.ts": {"path":"/home/ideans/data/projects/nodeJS/websocket_game/server/src/components/Game.ts","statementMap":{"0":{"start":{"line":1,"column":0},"end":{"line":1,"column":35}},"1":{"start":{"line":3,"column":0},"end":{"line":3,"column":37}},"2":{"start":{"line":4,"column":0},"end":{"line":4,"column":41}},"3":{"start":{"line":34,"column":8},"end":{"line":34,"column":null}},"4":{"start":{"line":35,"column":8},"end":{"line":35,"column":null}},"5":{"start":{"line":36,"column":8},"end":{"line":36,"column":null}},"6":{"start":{"line":37,"column":8},"end":{"line":37,"column":null}},"7":{"start":{"line":38,"column":8},"end":{"line":38,"column":null}},"8":{"start":{"line":39,"column":8},"end":{"line":39,"column":null}},"9":{"start":{"line":40,"column":8},"end":{"line":40,"column":null}},"10":{"start":{"line":41,"column":8},"end":{"line":41,"column":null}},"11":{"start":{"line":43,"column":8},"end":{"line":43,"column":null}},"12":{"start":{"line":44,"column":8},"end":{"line":44,"column":null}},"13":{"start":{"line":48,"column":8},"end":{"line":51,"column":null}},"14":{"start":{"line":49,"column":28},"end":{"line":49,"column":74}},"15":{"start":{"line":50,"column":12},"end":{"line":50,"column":null}},"16":{"start":{"line":53,"column":21},"end":{"line":53,"column":41}},"17":{"start":{"line":54,"column":8},"end":{"line":54,"column":null}},"18":{"start":{"line":55,"column":8},"end":{"line":55,"column":null}},"19":{"start":{"line":59,"column":28},"end":{"line":59,"column":44}},"20":{"start":{"line":60,"column":8},"end":{"line":60,"column":null}},"21":{"start":{"line":61,"column":20},"end":{"line":61,"column":21}},"22":{"start":{"line":63,"column":8},"end":{"line":67,"column":null}},"23":{"start":{"line":64,"column":36},"end":{"line":64,"column":63}},"24":{"start":{"line":65,"column":12},"end":{"line":65,"column":null}},"25":{"start":{"line":66,"column":12},"end":{"line":66,"column":null}},"26":{"start":{"line":70,"column":8},"end":{"line":72,"column":null}},"27":{"start":{"line":71,"column":12},"end":{"line":71,"column":null}},"28":{"start":{"line":76,"column":8},"end":{"line":76,"column":null}},"29":{"start":{"line":80,"column":8},"end":{"line":80,"column":null}},"30":{"start":{"line":84,"column":8},"end":{"line":84,"column":null}},"31":{"start":{"line":88,"column":8},"end":{"line":88,"column":34}},"32":{"start":{"line":92,"column":8},"end":{"line":92,"column":36}},"33":{"start":{"line":96,"column":8},"end":{"line":96,"column":null}},"34":{"start":{"line":22,"column":0},"end":{"line":22,"column":21}}},"fnMap":{"0":{"name":"(anonymous_1)","decl":{"start":{"line":32,"column":4},"end":{"line":32,"column":17}},"loc":{"start":{"line":32,"column":23},"end":{"line":45,"column":5}}},"1":{"name":"(anonymous_2)","decl":{"start":{"line":47,"column":4},"end":{"line":47,"column":11}},"loc":{"start":{"line":47,"column":21},"end":{"line":56,"column":5}}},"2":{"name":"(anonymous_3)","decl":{"start":{"line":58,"column":4},"end":{"line":58,"column":9}},"loc":{"start":{"line":58,"column":9},"end":{"line":73,"column":5}}},"3":{"name":"(anonymous_4)","decl":{"start":{"line":63,"column":41},"end":{"line":63,"column":44}},"loc":{"start":{"line":63,"column":46},"end":{"line":67,"column":9}}},"4":{"name":"(anonymous_5)","decl":{"start":{"line":70,"column":37},"end":{"line":70,"column":39}},"loc":{"start":{"line":70,"column":59},"end":{"line":72,"column":9}}},"5":{"name":"(anonymous_6)","decl":{"start":{"line":75,"column":4},"end":{"line":75,"column":12}},"loc":{"start":{"line":75,"column":12},"end":{"line":77,"column":5}}},"6":{"name":"(anonymous_7)","decl":{"start":{"line":79,"column":4},"end":{"line":79,"column":14}},"loc":{"start":{"line":79,"column":14},"end":{"line":81,"column":5}}},"7":{"name":"(anonymous_8)","decl":{"start":{"line":83,"column":4},"end":{"line":83,"column":12}},"loc":{"start":{"line":83,"column":12},"end":{"line":85,"column":5}}},"8":{"name":"(anonymous_9)","decl":{"start":{"line":87,"column":4},"end":{"line":87,"column":11}},"loc":{"start":{"line":87,"column":17},"end":{"line":89,"column":5}}},"9":{"name":"(anonymous_10)","decl":{"start":{"line":91,"column":4},"end":{"line":91,"column":13}},"loc":{"start":{"line":91,"column":19},"end":{"line":93,"column":5}}},"10":{"name":"(anonymous_11)","decl":{"start":{"line":95,"column":4},"end":{"line":95,"column":12}},"loc":{"start":{"line":95,"column":27},"end":{"line":97,"column":5}}}},"branchMap":{"0":{"loc":{"start":{"line":48,"column":8},"end":{"line":51,"column":null}},"type":"if","locations":[{"start":{"line":48,"column":8},"end":{"line":51,"column":null}},{"start":{"line":48,"column":8},"end":{"line":51,"column":null}}]}},"s":{"0":1,"1":1,"2":1,"3":2,"4":2,"5":2,"6":2,"7":2,"8":2,"9":2,"10":2,"11":2,"12":2,"13":0,"14":0,"15":0,"16":0,"17":0,"18":0,"19":0,"20":0,"21":0,"22":0,"23":0,"24":0,"25":0,"26":0,"27":0,"28":0,"29":0,"30":0,"31":0,"32":0,"33":0,"34":1},"f":{"0":2,"1":0,"2":0,"3":0,"4":0,"5":0,"6":0,"7":0,"8":0,"9":0,"10":0},"b":{"0":[0,0]}}
,"/home/ideans/data/projects/nodeJS/websocket_game/server/src/components/Zone.ts": {"path":"/home/ideans/data/projects/nodeJS/websocket_game/server/src/components/Zone.ts","statementMap":{"0":{"start":{"line":1,"column":0},"end":{"line":1,"column":36}},"1":{"start":{"line":2,"column":0},"end":{"line":2,"column":20}},"2":{"start":{"line":3,"column":0},"end":{"line":3,"column":36}},"3":{"start":{"line":5,"column":0},"end":{"line":5,"column":51}},"4":{"start":{"line":26,"column":8},"end":{"line":26,"column":null}},"5":{"start":{"line":27,"column":8},"end":{"line":27,"column":null}},"6":{"start":{"line":28,"column":8},"end":{"line":28,"column":null}},"7":{"start":{"line":30,"column":8},"end":{"line":30,"column":null}},"8":{"start":{"line":34,"column":8},"end":{"line":34,"column":null}},"9":{"start":{"line":45,"column":8},"end":{"line":51,"column":null}},"10":{"start":{"line":46,"column":12},"end":{"line":48,"column":null}},"11":{"start":{"line":47,"column":16},"end":{"line":47,"column":22}},"12":{"start":{"line":74,"column":8},"end":{"line":74,"column":null}},"13":{"start":{"line":78,"column":21},"end":{"line":78,"column":38}},"14":{"start":{"line":80,"column":8},"end":{"line":83,"column":null}},"15":{"start":{"line":81,"column":28},"end":{"line":81,"column":91}},"16":{"start":{"line":82,"column":12},"end":{"line":82,"column":null}},"17":{"start":{"line":88,"column":25},"end":{"line":88,"column":46}},"18":{"start":{"line":89,"column":23},"end":{"line":89,"column":42}},"19":{"start":{"line":90,"column":34},"end":{"line":90,"column":66}},"20":{"start":{"line":92,"column":8},"end":{"line":95,"column":null}},"21":{"start":{"line":93,"column":12},"end":{"line":93,"column":null}},"22":{"start":{"line":94,"column":12},"end":{"line":94,"column":null}},"23":{"start":{"line":99,"column":37},"end":{"line":99,"column":41}},"24":{"start":{"line":100,"column":26},"end":{"line":102,"column":11}},"25":{"start":{"line":101,"column":12},"end":{"line":101,"column":null}},"26":{"start":{"line":104,"column":8},"end":{"line":108,"column":null}},"27":{"start":{"line":112,"column":25},"end":{"line":112,"column":85}},"28":{"start":{"line":113,"column":21},"end":{"line":113,"column":38}},"29":{"start":{"line":114,"column":8},"end":{"line":114,"column":null}},"30":{"start":{"line":118,"column":22},"end":{"line":118,"column":24}},"31":{"start":{"line":121,"column":8},"end":{"line":123,"column":null}},"32":{"start":{"line":122,"column":12},"end":{"line":122,"column":null}},"33":{"start":{"line":126,"column":8},"end":{"line":135,"column":null}},"34":{"start":{"line":127,"column":32},"end":{"line":127,"column":53}},"35":{"start":{"line":128,"column":31},"end":{"line":128,"column":60}},"36":{"start":{"line":130,"column":12},"end":{"line":134,"column":null}},"37":{"start":{"line":131,"column":38},"end":{"line":131,"column":65}},"38":{"start":{"line":132,"column":35},"end":{"line":132,"column":57}},"39":{"start":{"line":133,"column":16},"end":{"line":133,"column":null}},"40":{"start":{"line":137,"column":8},"end":{"line":137,"column":null}},"41":{"start":{"line":19,"column":0},"end":{"line":19,"column":21}}},"fnMap":{"0":{"name":"(anonymous_1)","decl":{"start":{"line":25,"column":4},"end":{"line":25,"column":17}},"loc":{"start":{"line":25,"column":45},"end":{"line":35,"column":5}}},"1":{"name":"(anonymous_2)","decl":{"start":{"line":37,"column":4},"end":{"line":37,"column":14}},"loc":{"start":{"line":37,"column":14},"end":{"line":52,"column":5}}},"2":{"name":"(anonymous_3)","decl":{"start":{"line":45,"column":42},"end":{"line":45,"column":44}},"loc":{"start":{"line":45,"column":71},"end":{"line":51,"column":9}}},"3":{"name":"(anonymous_4)","decl":{"start":{"line":73,"column":4},"end":{"line":73,"column":13}},"loc":{"start":{"line":73,"column":21},"end":{"line":75,"column":5}}},"4":{"name":"(anonymous_5)","decl":{"start":{"line":77,"column":4},"end":{"line":77,"column":11}},"loc":{"start":{"line":77,"column":16},"end":{"line":84,"column":5}}},"5":{"name":"(anonymous_6)","decl":{"start":{"line":86,"column":4},"end":{"line":86,"column":16}},"loc":{"start":{"line":86,"column":47},"end":{"line":96,"column":5}}},"6":{"name":"(anonymous_7)","decl":{"start":{"line":98,"column":4},"end":{"line":98,"column":14}},"loc":{"start":{"line":98,"column":14},"end":{"line":109,"column":5}}},"7":{"name":"(anonymous_8)","decl":{"start":{"line":100,"column":52},"end":{"line":100,"column":55}},"loc":{"start":{"line":100,"column":58},"end":{"line":102,"column":9}}},"8":{"name":"(anonymous_9)","decl":{"start":{"line":110,"column":4},"end":{"line":110,"column":8}},"loc":{"start":{"line":110,"column":8},"end":{"line":115,"column":5}}},"9":{"name":"(anonymous_10)","decl":{"start":{"line":117,"column":4},"end":{"line":117,"column":13}},"loc":{"start":{"line":117,"column":24},"end":{"line":138,"column":5}}},"10":{"name":"(anonymous_11)","decl":{"start":{"line":121,"column":27},"end":{"line":121,"column":35}},"loc":{"start":{"line":121,"column":38},"end":{"line":123,"column":9}}},"11":{"name":"(anonymous_12)","decl":{"start":{"line":126,"column":27},"end":{"line":126,"column":35}},"loc":{"start":{"line":126,"column":38},"end":{"line":135,"column":9}}},"12":{"name":"(anonymous_13)","decl":{"start":{"line":130,"column":32},"end":{"line":130,"column":41}},"loc":{"start":{"line":130,"column":44},"end":{"line":134,"column":13}}}},"branchMap":{"0":{"loc":{"start":{"line":26,"column":26},"end":{"line":26,"column":30}},"type":"cond-expr","locations":[{"start":{"line":26,"column":26},"end":{"line":26,"column":30}},{"start":{"line":26,"column":33},"end":{"line":26,"column":41}}]},"1":{"loc":{"start":{"line":30,"column":29},"end":{"line":30,"column":52}},"type":"cond-expr","locations":[{"start":{"line":30,"column":29},"end":{"line":30,"column":52}},{"start":{"line":30,"column":55},"end":{"line":30,"column":57}}]},"2":{"loc":{"start":{"line":46,"column":12},"end":{"line":48,"column":null}},"type":"if","locations":[{"start":{"line":46,"column":12},"end":{"line":48,"column":null}},{"start":{"line":46,"column":12},"end":{"line":48,"column":null}}]},"3":{"loc":{"start":{"line":80,"column":8},"end":{"line":83,"column":null}},"type":"if","locations":[{"start":{"line":80,"column":8},"end":{"line":83,"column":null}},{"start":{"line":80,"column":8},"end":{"line":83,"column":null}}]},"4":{"loc":{"start":{"line":92,"column":8},"end":{"line":95,"column":null}},"type":"if","locations":[{"start":{"line":92,"column":8},"end":{"line":95,"column":null}},{"start":{"line":92,"column":8},"end":{"line":95,"column":null}}]},"5":{"loc":{"start":{"line":92,"column":13},"end":{"line":92,"column":21}},"type":"binary-expr","locations":[{"start":{"line":92,"column":13},"end":{"line":92,"column":21}},{"start":{"line":92,"column":25},"end":{"line":92,"column":31}}]}},"s":{"0":1,"1":1,"2":1,"3":1,"4":0,"5":0,"6":0,"7":0,"8":0,"9":0,"10":0,"11":0,"12":0,"13":0,"14":0,"15":0,"16":0,"17":0,"18":0,"19":0,"20":0,"21":0,"22":0,"23":0,"24":0,"25":0,"26":0,"27":0,"28":0,"29":0,"30":0,"31":0,"32":0,"33":0,"34":0,"35":0,"36":0,"37":0,"38":0,"39":0,"40":0,"41":1},"f":{"0":0,"1":0,"2":0,"3":0,"4":0,"5":0,"6":0,"7":0,"8":0,"9":0,"10":0,"11":0,"12":0},"b":{"0":[0,0],"1":[0,0],"2":[0,0],"3":[0,0],"4":[0,0],"5":[0,0]}}
,"/home/ideans/data/projects/nodeJS/websocket_game/server/src/components/Actors/Actor.ts": {"path":"/home/ideans/data/projects/nodeJS/websocket_game/server/src/components/Actors/Actor.ts","statementMap":{"0":{"start":{"line":18,"column":8},"end":{"line":18,"column":null}},"1":{"start":{"line":19,"column":8},"end":{"line":19,"column":null}},"2":{"start":{"line":20,"column":8},"end":{"line":20,"column":null}},"3":{"start":{"line":22,"column":8},"end":{"line":22,"column":null}},"4":{"start":{"line":23,"column":8},"end":{"line":23,"column":null}},"5":{"start":{"line":27,"column":28},"end":{"line":27,"column":32}},"6":{"start":{"line":28,"column":8},"end":{"line":34,"column":null}},"7":{"start":{"line":29,"column":12},"end":{"line":29,"column":null}},"8":{"start":{"line":39,"column":8},"end":{"line":39,"column":null}},"9":{"start":{"line":43,"column":8},"end":{"line":43,"column":null}},"10":{"start":{"line":9,"column":0},"end":{"line":9,"column":21}}},"fnMap":{"0":{"name":"(anonymous_0)","decl":{"start":{"line":17,"column":4},"end":{"line":17,"column":17}},"loc":{"start":{"line":17,"column":84},"end":{"line":24,"column":5}}},"1":{"name":"(anonymous_1)","decl":{"start":{"line":26,"column":4},"end":{"line":26,"column":18}},"loc":{"start":{"line":26,"column":30},"end":{"line":36,"column":5}}},"2":{"name":"(anonymous_2)","decl":{"start":{"line":38,"column":4},"end":{"line":38,"column":8}},"loc":{"start":{"line":38,"column":19},"end":{"line":40,"column":5}}},"3":{"name":"(anonymous_3)","decl":{"start":{"line":42,"column":4},"end":{"line":42,"column":15}},"loc":{"start":{"line":42,"column":15},"end":{"line":44,"column":5}}}},"branchMap":{"0":{"loc":{"start":{"line":28,"column":8},"end":{"line":34,"column":null}},"type":"if","locations":[{"start":{"line":28,"column":8},"end":{"line":34,"column":null}},{"start":{"line":28,"column":8},"end":{"line":34,"column":null}}]}},"s":{"0":1,"1":1,"2":1,"3":1,"4":1,"5":1,"6":1,"7":1,"8":0,"9":0,"10":1},"f":{"0":1,"1":1,"2":0,"3":0},"b":{"0":[1,0]}}
}
