TN:
SF:common/config.ts
FN:20,_serverUrl
FN:24,_gamePort
FN:29,_httpPort
FN:34,normalizePort
FNF:4
FNH:4
FNDA:1,_serverUrl
FNDA:1,_gamePort
FNDA:1,_httpPort
FNDA:2,normalizePort
DA:8,1
DA:15,1
DA:16,1
DA:17,1
DA:21,1
DA:25,1
DA:26,1
DA:30,1
DA:31,1
DA:35,2
DA:36,2
DA:38,0
LF:12
LH:11
BRDA:21,0,0,1
BRDA:21,0,1,0
BRDA:25,1,0,1
BRDA:25,1,1,0
BRDA:30,2,0,1
BRDA:30,2,1,0
BRDA:35,3,0,2
BRDA:35,3,1,0
BRF:8
BRH:4
end_of_record
TN:
SF:common/directions.ts
FN:1,(anonymous_0)
FNF:1
FNH:1
FNDA:1,(anonymous_0)
DA:1,1
DA:2,1
DA:3,1
DA:4,1
DA:5,1
DA:6,1
DA:7,1
LF:7
LH:7
BRDA:1,0,0,1
BRDA:1,0,1,1
BRF:2
BRH:2
end_of_record
TN:
SF:common/utils.ts
FN:4,directionOppositeOf
FN:22,createMessage
FNF:2
FNH:0
FNDA:0,directionOppositeOf
FNDA:0,createMessage
DA:1,1
DA:4,1
DA:5,0
DA:7,0
DA:10,0
DA:13,0
DA:16,0
DA:22,1
DA:23,0
DA:29,0
DA:30,0
DA:33,0
DA:34,0
DA:37,0
LF:14
LH:3
BRDA:6,0,0,0
BRDA:6,0,1,0
BRDA:6,0,2,0
BRDA:6,0,3,0
BRDA:29,1,0,0
BRDA:29,1,1,0
BRDA:33,2,0,0
BRDA:33,2,1,0
BRF:8
BRH:0
end_of_record
TN:
SF:server/gameServer.ts
FN:22,(anonymous_7)
FN:38,(anonymous_8)
FN:39,(anonymous_9)
FN:44,(anonymous_10)
FN:48,(anonymous_11)
FN:54,(anonymous_12)
FN:79,(anonymous_13)
FN:84,(anonymous_14)
FN:86,(anonymous_15)
FN:97,(anonymous_16)
FN:99,(anonymous_17)
FN:108,(anonymous_18)
FN:109,(anonymous_19)
FN:112,(anonymous_20)
FN:116,(anonymous_21)
FN:131,(anonymous_22)
FN:136,(anonymous_23)
FNF:17
FNH:2
FNDA:2,(anonymous_7)
FNDA:2,(anonymous_8)
FNDA:0,(anonymous_9)
FNDA:0,(anonymous_10)
FNDA:0,(anonymous_11)
FNDA:0,(anonymous_12)
FNDA:0,(anonymous_13)
FNDA:0,(anonymous_14)
FNDA:0,(anonymous_15)
FNDA:0,(anonymous_16)
FNDA:0,(anonymous_17)
FNDA:0,(anonymous_18)
FNDA:0,(anonymous_19)
FNDA:0,(anonymous_20)
FNDA:0,(anonymous_21)
FNDA:0,(anonymous_22)
FNDA:0,(anonymous_23)
DA:1,1
DA:2,1
DA:4,1
DA:5,1
DA:6,1
DA:15,1
DA:23,2
DA:24,2
DA:25,2
DA:27,2
DA:28,2
DA:29,2
DA:30,2
DA:31,2
DA:32,2
DA:34,2
DA:39,2
DA:41,0
DA:42,0
DA:44,0
DA:45,0
DA:48,0
DA:49,0
DA:50,0
DA:54,0
DA:55,0
DA:57,0
DA:58,0
DA:60,0
DA:61,0
DA:67,0
DA:69,0
DA:70,0
DA:77,0
DA:80,0
DA:85,0
DA:87,0
DA:92,0
DA:98,0
DA:99,0
DA:100,0
DA:102,0
DA:103,0
DA:109,0
DA:113,0
DA:117,0
DA:118,0
DA:120,0
DA:131,0
DA:132,0
DA:137,0
LF:51
LH:17
BRDA:61,0,0,0
BRDA:61,0,1,0
BRDA:102,1,0,0
BRDA:102,1,1,0
BRF:4
BRH:0
end_of_record
TN:
SF:server/src/components/Channel.ts
FN:7,(anonymous_0)
FN:12,(anonymous_1)
FN:16,(anonymous_2)
FNF:3
FNH:1
FNDA:2,(anonymous_0)
FNDA:0,(anonymous_1)
FNDA:0,(anonymous_2)
DA:1,1
DA:4,1
DA:8,2
DA:9,2
DA:13,0
DA:17,0
LF:6
LH:4
BRF:0
BRH:0
end_of_record
TN:
SF:server/src/components/Game.ts
FN:32,(anonymous_1)
FN:47,(anonymous_2)
FN:58,(anonymous_3)
FN:63,(anonymous_4)
FN:70,(anonymous_5)
FN:75,(anonymous_6)
FN:79,(anonymous_7)
FN:83,(anonymous_8)
FN:87,(anonymous_9)
FN:91,(anonymous_10)
FN:95,(anonymous_11)
FNF:11
FNH:1
FNDA:2,(anonymous_1)
FNDA:0,(anonymous_2)
FNDA:0,(anonymous_3)
FNDA:0,(anonymous_4)
FNDA:0,(anonymous_5)
FNDA:0,(anonymous_6)
FNDA:0,(anonymous_7)
FNDA:0,(anonymous_8)
FNDA:0,(anonymous_9)
FNDA:0,(anonymous_10)
FNDA:0,(anonymous_11)
DA:1,1
DA:3,1
DA:4,1
DA:22,1
DA:34,2
DA:35,2
DA:36,2
DA:37,2
DA:38,2
DA:39,2
DA:40,2
DA:41,2
DA:43,2
DA:44,2
DA:48,0
DA:49,0
DA:50,0
DA:53,0
DA:54,0
DA:55,0
DA:59,0
DA:60,0
DA:61,0
DA:63,0
DA:64,0
DA:65,0
DA:66,0
DA:70,0
DA:71,0
DA:76,0
DA:80,0
DA:84,0
DA:88,0
DA:92,0
DA:96,0
LF:35
LH:14
BRDA:48,0,0,0
BRDA:48,0,1,0
BRF:2
BRH:0
end_of_record
TN:
SF:server/src/components/Zone.ts
FN:25,(anonymous_1)
FN:37,(anonymous_2)
FN:45,(anonymous_3)
FN:73,(anonymous_4)
FN:77,(anonymous_5)
FN:86,(anonymous_6)
FN:98,(anonymous_7)
FN:100,(anonymous_8)
FN:110,(anonymous_9)
FN:117,(anonymous_10)
FN:121,(anonymous_11)
FN:126,(anonymous_12)
FN:130,(anonymous_13)
FNF:13
FNH:0
FNDA:0,(anonymous_1)
FNDA:0,(anonymous_2)
FNDA:0,(anonymous_3)
FNDA:0,(anonymous_4)
FNDA:0,(anonymous_5)
FNDA:0,(anonymous_6)
FNDA:0,(anonymous_7)
FNDA:0,(anonymous_8)
FNDA:0,(anonymous_9)
FNDA:0,(anonymous_10)
FNDA:0,(anonymous_11)
FNDA:0,(anonymous_12)
FNDA:0,(anonymous_13)
DA:1,1
DA:2,1
DA:3,1
DA:5,1
DA:19,1
DA:26,0
DA:27,0
DA:28,0
DA:30,0
DA:34,0
DA:45,0
DA:46,0
DA:47,0
DA:74,0
DA:78,0
DA:80,0
DA:81,0
DA:82,0
DA:88,0
DA:89,0
DA:90,0
DA:92,0
DA:93,0
DA:94,0
DA:99,0
DA:100,0
DA:101,0
DA:104,0
DA:112,0
DA:113,0
DA:114,0
DA:118,0
DA:121,0
DA:122,0
DA:126,0
DA:127,0
DA:128,0
DA:130,0
DA:131,0
DA:132,0
DA:133,0
DA:137,0
LF:42
LH:5
BRDA:26,0,0,0
BRDA:26,0,1,0
BRDA:30,1,0,0
BRDA:30,1,1,0
BRDA:46,2,0,0
BRDA:46,2,1,0
BRDA:80,3,0,0
BRDA:80,3,1,0
BRDA:92,4,0,0
BRDA:92,4,1,0
BRDA:92,5,0,0
BRDA:92,5,1,0
BRF:12
BRH:0
end_of_record
TN:
SF:server/src/components/Actors/Actor.ts
FN:17,(anonymous_0)
FN:26,(anonymous_1)
FN:38,(anonymous_2)
FN:42,(anonymous_3)
FNF:4
FNH:2
FNDA:1,(anonymous_0)
FNDA:1,(anonymous_1)
FNDA:0,(anonymous_2)
FNDA:0,(anonymous_3)
DA:9,1
DA:18,1
DA:19,1
DA:20,1
DA:22,1
DA:23,1
DA:27,1
DA:28,1
DA:29,1
DA:39,0
DA:43,0
LF:11
LH:9
BRDA:28,0,0,1
BRDA:28,0,1,0
BRF:2
BRH:1
end_of_record
